<?xml version="1.0" encoding="UTF-8"?>
<!-- Generated by org.testng.reporters.JUnitXMLReporter -->
<testsuite ignored="0" hostname="TMPPUN05GTR1612" failures="1" tests="1" name="Surefire test" time="10.073" errors="0" timestamp="2026-01-30T10:32:45 IST">
  <testcase classname="io.cucumber.testng.AbstractTestNGCucumberTests" name="runScenario" time="9.391">
    <failure type="java.lang.NullPointerException" message="Cannot invoke &amp;quot;org.openqa.selenium.WebDriver.get(String)&amp;quot; because &amp;quot;this.wd&amp;quot; is null">
      <![CDATA[java.lang.NullPointerException: Cannot invoke "org.openqa.selenium.WebDriver.get(String)" because "this.wd" is null
at StepDefinitionFile.page.LaunchApp(page.java:22)
at StepDefinitionFile.StepDef.signup_page(StepDef.java:108)
at ✽.The user in the signup page(file:///C:/Users/nagathrisa.v/eclipse-workspace/BDD_Cucumber_Selenium_Day3/src/test/java/FeatureFile/LoginValidate.feature:8)
]]>
    </failure>
  </testcase> <!-- runScenario -->
</testsuite> <!-- Surefire test -->
