<?xml version="1.0" encoding="UTF-8"?>
<!-- Generated by org.testng.reporters.JUnitReportReporter -->
<testsuite hostname="TMPPUN05GTR1612" failures="0" tests="3" name="com.access.seleniumday1_lib.Awesome_TC01" time="20.444" errors="0" timestamp="2026-01-17T15:53:04 IST" skipped="0">
  <testcase classname="com.access.seleniumday1_lib.Awesome_TC01" name="invokeAppAwesome" time="1.025"/>
  <testcase classname="com.access.seleniumday1_lib.Awesome_TC01" name="Fetch_And_Validate_Title" time="0.013"/>
  <testcase classname="com.access.seleniumday1_lib.Awesome_TC01" name="Counts_Link_Test" time="19.406"/>
</testsuite> <!-- com.access.seleniumday1_lib.Awesome_TC01 -->
