<?xml version="1.0" encoding="UTF-8"?>
<testng-results ignored="0" total="1" passed="1" failed="0" skipped="0">
  <reporter-output>
  </reporter-output>
  <suite started-at="2026-01-21T12:34:49 IST" name="Default suite" finished-at="2026-01-21T12:34:52 IST" duration-ms="3679">
    <groups>
    </groups>
    <test started-at="2026-01-21T12:34:49 IST" name="Default test" finished-at="2026-01-21T12:34:52 IST" duration-ms="3679">
      <class name="com.ExcelReadScript.Automate_WordToPdf">
        <test-method signature="key11()[pri:1, instance:com.ExcelReadScript.Automate_WordToPdf@256f8274]" started-at="2026-01-21T12:34:49 IST" name="key11" finished-at="2026-01-21T12:34:52 IST" duration-ms="3647" status="PASS">
          <reporter-output>
          </reporter-output>
        </test-method> <!-- key11 -->
      </class> <!-- com.ExcelReadScript.Automate_WordToPdf -->
    </test> <!-- Default test -->
  </suite> <!-- Default suite -->
</testng-results>
