<?xml version="1.0" encoding="UTF-8" standalone="no"?>
<testsuite errors="0" failures="1" name="io.cucumber.core.plugin.JUnitFormatter" skipped="0" tests="2" time="26.877">
    <testcase classname="To perform SignUp" name="Validate signup" time="14.095">
        <failure message="element click intercepted: Element &lt;input type=&quot;submit&quot; name=&quot;ctl00$phBody$SignUp$btnContinue&quot; value=&quot;Continue&quot; onclick=&quot;javascript:WebForm_DoPostBackWithOptions(new WebForm_PostBackOptions(&amp;quot;ctl00$phBody$SignUp$btnContinue&amp;quot;, &amp;quot;&amp;quot;, true, &amp;quot;vgSignUp&amp;quot;, &amp;quot;&amp;quot;, false, false))&quot; id=&quot;ctl00_phBody_SignUp_btnContinue&quot; class=&quot;btn btn-block border themeborder themecolor mb-2 signupcontinue mt-3&quot;&gt; is not clickable at point (950, 627). Other element would receive the click: &lt;iframe title=&quot;recaptcha challenge expires in two minutes&quot; name=&quot;c-xhijyl9zykyt&quot; frameborder=&quot;0&quot; scrolling=&quot;no&quot; sandbox=&quot;allow-forms allow-popups allow-same-origin allow-scripts allow-top-navigation allow-modals allow-popups-to-escape-sandbox allow-storage-access-by-user-activation&quot; src=&quot;https://www.google.com/recaptcha/api2/bframe?hl=en&amp;amp;v=PoyoqOPhxBO7pBk68S4YbpHZ&amp;amp;k=6LcWegclAAAAANuIZ3_JgCoh-naBjY69vaCvY2Xj&amp;amp;bft=0dAFcWeA7Grr-uSCeYT0TU8LWdZBBI6-DMU5yd0Q64l9rfmp1JmvUobL7IeiJGhNDaK-nQvqZIeiAzgOebWTyFYyFu_xBThc9bxA&quot; style=&quot;width: 400px; height: 580px;&quot;&gt;&lt;/iframe&gt;&#10;  (Session info: chrome=144.0.7559.97)&#10;Build info: version: '4.38.0', revision: '6b412e825c*'&#10;System info: os.name: 'Windows 11', os.arch: 'amd64', os.version: '10.0', java.version: '21.0.6'&#10;Driver info: org.openqa.selenium.chrome.ChromeDriver&#10;Command: [726afe7cded72c08fa7baa116e1a3ead, clickElement {id=f.E577A7B4117941DA0322675F201DA7CD.d.58B616FE11FF6C8B5CB722B8EA072C6D.e.98}]&#10;Capabilities {acceptInsecureCerts: false, browserName: chrome, browserVersion: 144.0.7559.97, chrome: {chromedriverVersion: 144.0.7559.109 (6a8d5e49388..., userDataDir: C:\Users\NAGATH~1.V\AppData...}, fedcm:accounts: true, goog:chromeOptions: {debuggerAddress: localhost:64198}, goog:processID: 21380, networkConnectionEnabled: false, pageLoadStrategy: normal, platformName: windows, proxy: Proxy(), se:cdp: ws://localhost:64198/devtoo..., se:cdpVersion: 144.0.7559.97, setWindowRect: true, strictFileInteractability: false, timeouts: {implicit: 0, pageLoad: 300000, script: 30000}, unhandledPromptBehavior: dismiss and notify, webauthn:extension:credBlob: true, webauthn:extension:largeBlob: true, webauthn:extension:minPinLength: true, webauthn:extension:prf: true, webauthn:virtualAuthenticators: true}&#10;Element: [[ChromeDriver: chrome on windows (726afe7cded72c08fa7baa116e1a3ead)] -&gt; xpath: //input[@name='ctl00$phBody$SignUp$btnContinue']]&#10;Session ID: 726afe7cded72c08fa7baa116e1a3ead" type="org.openqa.selenium.ElementClickInterceptedException"><![CDATA[Given the user must be in chrome browser....................................passed
Given The user in the signup page...........................................passed
When The user enter "trishavenkat"..........................................passed
* The user enter the "6381703487"...........................................passed
* The user click on i am not a robot........................................passed
And The user click on continue..............................................failed
Then the user will enter in the website.....................................skipped

StackTrace:
org.openqa.selenium.ElementClickInterceptedException: element click intercepted: Element <input type="submit" name="ctl00$phBody$SignUp$btnContinue" value="Continue" onclick="javascript:WebForm_DoPostBackWithOptions(new WebForm_PostBackOptions(&quot;ctl00$phBody$SignUp$btnContinue&quot;, &quot;&quot;, true, &quot;vgSignUp&quot;, &quot;&quot;, false, false))" id="ctl00_phBody_SignUp_btnContinue" class="btn btn-block border themeborder themecolor mb-2 signupcontinue mt-3"> is not clickable at point (950, 627). Other element would receive the click: <iframe title="recaptcha challenge expires in two minutes" name="c-xhijyl9zykyt" frameborder="0" scrolling="no" sandbox="allow-forms allow-popups allow-same-origin allow-scripts allow-top-navigation allow-modals allow-popups-to-escape-sandbox allow-storage-access-by-user-activation" src="https://www.google.com/recaptcha/api2/bframe?hl=en&amp;v=PoyoqOPhxBO7pBk68S4YbpHZ&amp;k=6LcWegclAAAAANuIZ3_JgCoh-naBjY69vaCvY2Xj&amp;bft=0dAFcWeA7Grr-uSCeYT0TU8LWdZBBI6-DMU5yd0Q64l9rfmp1JmvUobL7IeiJGhNDaK-nQvqZIeiAzgOebWTyFYyFu_xBThc9bxA" style="width: 400px; height: 580px;"></iframe>
  (Session info: chrome=144.0.7559.97)
Build info: version: '4.38.0', revision: '6b412e825c*'
System info: os.name: 'Windows 11', os.arch: 'amd64', os.version: '10.0', java.version: '21.0.6'
Driver info: org.openqa.selenium.chrome.ChromeDriver
Command: [726afe7cded72c08fa7baa116e1a3ead, clickElement {id=f.E577A7B4117941DA0322675F201DA7CD.d.58B616FE11FF6C8B5CB722B8EA072C6D.e.98}]
Capabilities {acceptInsecureCerts: false, browserName: chrome, browserVersion: 144.0.7559.97, chrome: {chromedriverVersion: 144.0.7559.109 (6a8d5e49388..., userDataDir: C:\Users\NAGATH~1.V\AppData...}, fedcm:accounts: true, goog:chromeOptions: {debuggerAddress: localhost:64198}, goog:processID: 21380, networkConnectionEnabled: false, pageLoadStrategy: normal, platformName: windows, proxy: Proxy(), se:cdp: ws://localhost:64198/devtoo..., se:cdpVersion: 144.0.7559.97, setWindowRect: true, strictFileInteractability: false, timeouts: {implicit: 0, pageLoad: 300000, script: 30000}, unhandledPromptBehavior: dismiss and notify, webauthn:extension:credBlob: true, webauthn:extension:largeBlob: true, webauthn:extension:minPinLength: true, webauthn:extension:prf: true, webauthn:virtualAuthenticators: true}
Element: [[ChromeDriver: chrome on windows (726afe7cded72c08fa7baa116e1a3ead)] -> xpath: //input[@name='ctl00$phBody$SignUp$btnContinue']]
Session ID: 726afe7cded72c08fa7baa116e1a3ead
	at java.base/jdk.internal.reflect.DirectConstructorHandleAccessor.newInstance(DirectConstructorHandleAccessor.java:62)
	at java.base/java.lang.reflect.Constructor.newInstanceWithCaller(Constructor.java:502)
	at java.base/java.lang.reflect.Constructor.newInstance(Constructor.java:486)
	at org.openqa.selenium.remote.ErrorCodec.decode(ErrorCodec.java:167)
	at org.openqa.selenium.remote.codec.w3c.W3CHttpResponseCodec.decode(W3CHttpResponseCodec.java:138)
	at org.openqa.selenium.remote.codec.w3c.W3CHttpResponseCodec.decode(W3CHttpResponseCodec.java:50)
	at org.openqa.selenium.remote.HttpCommandExecutor.execute(HttpCommandExecutor.java:215)
	at org.openqa.selenium.remote.service.DriverCommandExecutor.invokeExecute(DriverCommandExecutor.java:216)
	at org.openqa.selenium.remote.service.DriverCommandExecutor.execute(DriverCommandExecutor.java:174)
	at org.openqa.selenium.remote.RemoteWebDriver.execute(RemoteWebDriver.java:557)
	at org.openqa.selenium.remote.RemoteWebElement.execute(RemoteWebElement.java:223)
	at org.openqa.selenium.remote.RemoteWebElement.click(RemoteWebElement.java:76)
	at StepDefinitionFile.StepDef.clickContinue(StepDef.java:47)
	at âœ½.The user click on continue(file:///C:/Users/nagathrisa.v/eclipse-workspace/BDD_Cucumber_Selenium_Day3/src/test/java/FeatureFile/LoginValidate.feature:13)
]]></failure>
    </testcase>
    <testcase classname="To perform SignUp" name="Validate signup 2" time="12.56">
        <system-out><![CDATA[Given the user must be in chrome browser....................................passed
Given The user in the signup page...........................................passed
When The user enter "name2".................................................passed
* The user enter the "89000347678"..........................................passed
* The user click on i am not a robot........................................passed
And The user click on continue..............................................passed
Then the user will enter in the website.....................................passed
]]></system-out>
    </testcase>
</testsuite>
