<?xml version="1.0" encoding="UTF-8"?>
<!-- Generated by org.testng.reporters.JUnitReportReporter -->
<testsuite hostname="TMPPUN05GTR1612" failures="0" tests="3" name="comCucumberTestRunner.TestNG_RunnerFile" time="0.158" errors="0" timestamp="2026-01-27T12:35:21 IST" skipped="0">
  <testcase classname="comCucumberTestRunner.TestNG_RunnerFile" name="runScenario" time="0.012"/>
  <testcase classname="comCucumberTestRunner.TestNG_RunnerFile" name="runScenario" time="0.130"/>
  <testcase classname="comCucumberTestRunner.TestNG_RunnerFile" name="runScenario" time="0.016"/>
</testsuite> <!-- comCucumberTestRunner.TestNG_RunnerFile -->
