<?xml version="1.0" encoding="UTF-8"?>
<!-- Generated by org.testng.reporters.JUnitXMLReporter -->
<testsuite ignored="0" hostname="TMPPUN05GTR1612" failures="0" tests="3" name="Default test" time="20.491" errors="0" timestamp="2026-01-17T15:53:04 IST">
  <testcase classname="com.access.seleniumday1_lib.Awesome_TC01" name="invokeAppAwesome" time="1.025"/>
  <testcase classname="com.access.seleniumday1_lib.Awesome_TC01" name="Fetch_And_Validate_Title" time="0.013"/>
  <testcase classname="com.access.seleniumday1_lib.Awesome_TC01" name="Counts_Link_Test" time="19.406"/>
</testsuite> <!-- Default test -->
