<?xml version="1.0" encoding="UTF-8"?>
<testng-results ignored="0" total="2" passed="1" failed="1" skipped="0">
  <reporter-output>
  </reporter-output>
  <suite started-at="2026-01-28T11:41:26 IST" name="Default suite" finished-at="2026-01-28T11:41:53 IST" duration-ms="27419">
    <groups>
      <group name="cucumber">
        <method signature="AbstractTestNGCucumberTests.runScenario(io.cucumber.testng.PickleWrapper,io.cucumber.testng.FeatureWrapper)[pri:0, instance:TestRunnerFile.TestNG_Runner@1ff4931d]" name="runScenario" class="io.cucumber.testng.AbstractTestNGCucumberTests"/>
      </group> <!-- cucumber -->
    </groups>
    <test started-at="2026-01-28T11:41:26 IST" name="Default test" finished-at="2026-01-28T11:41:53 IST" duration-ms="27419">
      <class name="TestRunnerFile.TestNG_Runner">
        <test-method is-config="true" signature="setUpClass()[pri:0, instance:TestRunnerFile.TestNG_Runner@1ff4931d]" started-at="2026-01-28T11:41:26 IST" name="setUpClass" finished-at="2026-01-28T11:41:26 IST" duration-ms="311" status="PASS">
          <reporter-output>
          </reporter-output>
        </test-method> <!-- setUpClass -->
        <test-method signature="runScenario(io.cucumber.testng.PickleWrapper,io.cucumber.testng.FeatureWrapper)[pri:0, instance:TestRunnerFile.TestNG_Runner@1ff4931d]" started-at="2026-01-28T11:41:26 IST" name="runScenario" description="Runs Cucumber Scenarios" data-provider="scenarios" finished-at="2026-01-28T11:41:40 IST" duration-ms="14248" status="FAIL">
          <params>
            <param index="0">
              <value>
                <![CDATA["Validate signup"]]>
              </value>
            </param>
            <param index="1">
              <value>
                <![CDATA["Optional[To perform SignUp]"]]>
              </value>
            </param>
          </params>
          <exception class="org.openqa.selenium.ElementClickInterceptedException">
            <message>
              <![CDATA[element click intercepted: Element <input type="submit" name="ctl00$phBody$SignUp$btnContinue" value="Continue" onclick="javascript:WebForm_DoPostBackWithOptions(new WebForm_PostBackOptions(&quot;ctl00$phBody$SignUp$btnContinue&quot;, &quot;&quot;, true, &quot;vgSignUp&quot;, &quot;&quot;, false, false))" id="ctl00_phBody_SignUp_btnContinue" class="btn btn-block border themeborder themecolor mb-2 signupcontinue mt-3"> is not clickable at point (950, 627). Other element would receive the click: <iframe title="recaptcha challenge expires in two minutes" name="c-xhijyl9zykyt" frameborder="0" scrolling="no" sandbox="allow-forms allow-popups allow-same-origin allow-scripts allow-top-navigation allow-modals allow-popups-to-escape-sandbox allow-storage-access-by-user-activation" src="https://www.google.com/recaptcha/api2/bframe?hl=en&amp;v=PoyoqOPhxBO7pBk68S4YbpHZ&amp;k=6LcWegclAAAAANuIZ3_JgCoh-naBjY69vaCvY2Xj&amp;bft=0dAFcWeA7Grr-uSCeYT0TU8LWdZBBI6-DMU5yd0Q64l9rfmp1JmvUobL7IeiJGhNDaK-nQvqZIeiAzgOebWTyFYyFu_xBThc9bxA" style="width: 400px; height: 580px;"></iframe>
  (Session info: chrome=144.0.7559.97)
Build info: version: '4.38.0', revision: '6b412e825c*'
System info: os.name: 'Windows 11', os.arch: 'amd64', os.version: '10.0', java.version: '21.0.6'
Driver info: org.openqa.selenium.chrome.ChromeDriver
Command: [726afe7cded72c08fa7baa116e1a3ead, clickElement {id=f.E577A7B4117941DA0322675F201DA7CD.d.58B616FE11FF6C8B5CB722B8EA072C6D.e.98}]
Capabilities {acceptInsecureCerts: false, browserName: chrome, browserVersion: 144.0.7559.97, chrome: {chromedriverVersion: 144.0.7559.109 (6a8d5e49388..., userDataDir: C:\Users\NAGATH~1.V\AppData...}, fedcm:accounts: true, goog:chromeOptions: {debuggerAddress: localhost:64198}, goog:processID: 21380, networkConnectionEnabled: false, pageLoadStrategy: normal, platformName: windows, proxy: Proxy(), se:cdp: ws://localhost:64198/devtoo..., se:cdpVersion: 144.0.7559.97, setWindowRect: true, strictFileInteractability: false, timeouts: {implicit: 0, pageLoad: 300000, script: 30000}, unhandledPromptBehavior: dismiss and notify, webauthn:extension:credBlob: true, webauthn:extension:largeBlob: true, webauthn:extension:minPinLength: true, webauthn:extension:prf: true, webauthn:virtualAuthenticators: true}
Element: [[ChromeDriver: chrome on windows (726afe7cded72c08fa7baa116e1a3ead)] -> xpath: //input[@name='ctl00$phBody$SignUp$btnContinue']]
Session ID: 726afe7cded72c08fa7baa116e1a3ead]]>
            </message>
            <full-stacktrace>
              <![CDATA[org.openqa.selenium.ElementClickInterceptedException: element click intercepted: Element <input type="submit" name="ctl00$phBody$SignUp$btnContinue" value="Continue" onclick="javascript:WebForm_DoPostBackWithOptions(new WebForm_PostBackOptions(&quot;ctl00$phBody$SignUp$btnContinue&quot;, &quot;&quot;, true, &quot;vgSignUp&quot;, &quot;&quot;, false, false))" id="ctl00_phBody_SignUp_btnContinue" class="btn btn-block border themeborder themecolor mb-2 signupcontinue mt-3"> is not clickable at point (950, 627). Other element would receive the click: <iframe title="recaptcha challenge expires in two minutes" name="c-xhijyl9zykyt" frameborder="0" scrolling="no" sandbox="allow-forms allow-popups allow-same-origin allow-scripts allow-top-navigation allow-modals allow-popups-to-escape-sandbox allow-storage-access-by-user-activation" src="https://www.google.com/recaptcha/api2/bframe?hl=en&amp;v=PoyoqOPhxBO7pBk68S4YbpHZ&amp;k=6LcWegclAAAAANuIZ3_JgCoh-naBjY69vaCvY2Xj&amp;bft=0dAFcWeA7Grr-uSCeYT0TU8LWdZBBI6-DMU5yd0Q64l9rfmp1JmvUobL7IeiJGhNDaK-nQvqZIeiAzgOebWTyFYyFu_xBThc9bxA" style="width: 400px; height: 580px;"></iframe>
  (Session info: chrome=144.0.7559.97)
Build info: version: '4.38.0', revision: '6b412e825c*'
System info: os.name: 'Windows 11', os.arch: 'amd64', os.version: '10.0', java.version: '21.0.6'
Driver info: org.openqa.selenium.chrome.ChromeDriver
Command: [726afe7cded72c08fa7baa116e1a3ead, clickElement {id=f.E577A7B4117941DA0322675F201DA7CD.d.58B616FE11FF6C8B5CB722B8EA072C6D.e.98}]
Capabilities {acceptInsecureCerts: false, browserName: chrome, browserVersion: 144.0.7559.97, chrome: {chromedriverVersion: 144.0.7559.109 (6a8d5e49388..., userDataDir: C:\Users\NAGATH~1.V\AppData...}, fedcm:accounts: true, goog:chromeOptions: {debuggerAddress: localhost:64198}, goog:processID: 21380, networkConnectionEnabled: false, pageLoadStrategy: normal, platformName: windows, proxy: Proxy(), se:cdp: ws://localhost:64198/devtoo..., se:cdpVersion: 144.0.7559.97, setWindowRect: true, strictFileInteractability: false, timeouts: {implicit: 0, pageLoad: 300000, script: 30000}, unhandledPromptBehavior: dismiss and notify, webauthn:extension:credBlob: true, webauthn:extension:largeBlob: true, webauthn:extension:minPinLength: true, webauthn:extension:prf: true, webauthn:virtualAuthenticators: true}
Element: [[ChromeDriver: chrome on windows (726afe7cded72c08fa7baa116e1a3ead)] -> xpath: //input[@name='ctl00$phBody$SignUp$btnContinue']]
Session ID: 726afe7cded72c08fa7baa116e1a3ead
at java.base/jdk.internal.reflect.DirectConstructorHandleAccessor.newInstance(DirectConstructorHandleAccessor.java:62)
at java.base/java.lang.reflect.Constructor.newInstanceWithCaller(Constructor.java:502)
at java.base/java.lang.reflect.Constructor.newInstance(Constructor.java:486)
at org.openqa.selenium.remote.ErrorCodec.decode(ErrorCodec.java:167)
at org.openqa.selenium.remote.codec.w3c.W3CHttpResponseCodec.decode(W3CHttpResponseCodec.java:138)
at org.openqa.selenium.remote.codec.w3c.W3CHttpResponseCodec.decode(W3CHttpResponseCodec.java:50)
at org.openqa.selenium.remote.HttpCommandExecutor.execute(HttpCommandExecutor.java:215)
at org.openqa.selenium.remote.service.DriverCommandExecutor.invokeExecute(DriverCommandExecutor.java:216)
at org.openqa.selenium.remote.service.DriverCommandExecutor.execute(DriverCommandExecutor.java:174)
at org.openqa.selenium.remote.RemoteWebDriver.execute(RemoteWebDriver.java:557)
at org.openqa.selenium.remote.RemoteWebElement.execute(RemoteWebElement.java:223)
at org.openqa.selenium.remote.RemoteWebElement.click(RemoteWebElement.java:76)
at StepDefinitionFile.StepDef.clickContinue(StepDef.java:47)
at ✽.The user click on continue(file:///C:/Users/nagathrisa.v/eclipse-workspace/BDD_Cucumber_Selenium_Day3/src/test/java/FeatureFile/LoginValidate.feature:13)
]]>
            </full-stacktrace>
          </exception> <!-- org.openqa.selenium.ElementClickInterceptedException -->
          <reporter-output>
          </reporter-output>
        </test-method> <!-- runScenario -->
        <test-method signature="runScenario(io.cucumber.testng.PickleWrapper,io.cucumber.testng.FeatureWrapper)[pri:0, instance:TestRunnerFile.TestNG_Runner@1ff4931d]" started-at="2026-01-28T11:41:40 IST" name="runScenario" description="Runs Cucumber Scenarios" data-provider="scenarios" finished-at="2026-01-28T11:41:53 IST" duration-ms="12572" status="PASS">
          <params>
            <param index="0">
              <value>
                <![CDATA["Validate signup"]]>
              </value>
            </param>
            <param index="1">
              <value>
                <![CDATA["Optional[To perform SignUp]"]]>
              </value>
            </param>
          </params>
          <reporter-output>
          </reporter-output>
        </test-method> <!-- runScenario -->
        <test-method is-config="true" signature="tearDownClass()[pri:0, instance:TestRunnerFile.TestNG_Runner@1ff4931d]" started-at="2026-01-28T11:41:53 IST" name="tearDownClass" finished-at="2026-01-28T11:41:53 IST" duration-ms="236" status="PASS">
          <reporter-output>
          </reporter-output>
        </test-method> <!-- tearDownClass -->
      </class> <!-- TestRunnerFile.TestNG_Runner -->
    </test> <!-- Default test -->
  </suite> <!-- Default suite -->
</testng-results>
