<?xml version="1.0" encoding="UTF-8"?>
<testng-results ignored="0" total="1" passed="1" failed="0" skipped="0">
  <reporter-output>
  </reporter-output>
  <suite started-at="2026-01-20T10:08:00 IST" name="Default suite" finished-at="2026-01-20T10:08:06 IST" duration-ms="6517">
    <groups>
    </groups>
    <test started-at="2026-01-20T10:08:00 IST" name="Default test" finished-at="2026-01-20T10:08:06 IST" duration-ms="6517">
      <class name="com.Selenium.Scenario.Scripts.SeleniumScenarioAccess">
        <test-method signature="DragAndDrop()[pri:0, instance:com.Selenium.Scenario.Scripts.SeleniumScenarioAccess@2cc44ad]" started-at="2026-01-20T10:08:00 IST" name="DragAndDrop" finished-at="2026-01-20T10:08:06 IST" duration-ms="6479" status="PASS">
          <reporter-output>
          </reporter-output>
        </test-method> <!-- DragAndDrop -->
      </class> <!-- com.Selenium.Scenario.Scripts.SeleniumScenarioAccess -->
    </test> <!-- Default test -->
  </suite> <!-- Default suite -->
</testng-results>
