<?xml version="1.0" encoding="UTF-8"?>
<!-- Generated by org.testng.reporters.JUnitReportReporter -->
<testsuite hostname="TMPPUN05GTR1612" failures="0" tests="3" name="com.BDDElement.framework.TestNG_cucumber" time="0.112" errors="0" timestamp="2026-01-24T15:07:48 IST" skipped="0">
  <testcase classname="com.BDDElement.framework.TestNG_cucumber" name="runScenario" time="0.005"/>
  <testcase classname="com.BDDElement.framework.TestNG_cucumber" name="runScenario" time="0.102"/>
  <testcase classname="com.BDDElement.framework.TestNG_cucumber" name="runScenario" time="0.005"/>
</testsuite> <!-- com.BDDElement.framework.TestNG_cucumber -->
