<?xml version="1.0" encoding="UTF-8"?>
<!-- Generated by org.testng.reporters.JUnitReportReporter -->
<testsuite hostname="TMPPUN05GTR1612" failures="0" tests="1" name="TestRunnerFile.TestNG_Runner" time="9.391" errors="1" timestamp="2026-01-30T10:32:45 IST" skipped="0">
  <testcase classname="TestRunnerFile.TestNG_Runner" name="runScenario" time="9.391">
    <error message="Cannot invoke &quot;org.openqa.selenium.WebDriver.get(String)&quot; because &quot;this.wd&quot; is null" type="java.lang.NullPointerException">
      <![CDATA[java.lang.NullPointerException: Cannot invoke "org.openqa.selenium.WebDriver.get(String)" because "this.wd" is null
at StepDefinitionFile.page.LaunchApp(page.java:22)
at StepDefinitionFile.StepDef.signup_page(StepDef.java:108)
at ✽.The user in the signup page(file:///C:/Users/nagathrisa.v/eclipse-workspace/BDD_Cucumber_Selenium_Day3/src/test/java/FeatureFile/LoginValidate.feature:8)
]]>
    </error>
  </testcase> <!-- runScenario -->
</testsuite> <!-- TestRunnerFile.TestNG_Runner -->
